<?xml version="1.0" encoding="UTF-8"?>
<testng-results total="2" passed="2" failed="0" skipped="0">
  <reporter-output>
  </reporter-output>
  <suite started-at="2022-12-22T15:08:22Z" name="Default suite" finished-at="2022-12-22T15:08:31Z" duration-ms="8374">
    <groups>
    </groups>
    <test started-at="2022-12-22T15:08:22Z" name="Default test" finished-at="2022-12-22T15:08:31Z" duration-ms="8374">
      <class name="test.testcase">
        <test-method signature="t1_post()[pri:0, instance:test.testcase@7d446ed1]" started-at="2022-12-22T20:38:22Z" name="t1_post" finished-at="2022-12-22T20:38:30Z" duration-ms="7768" status="PASS">
          <reporter-output>
          </reporter-output>
        </test-method> <!-- t1_post -->
        <test-method signature="t2_delete()[pri:0, instance:test.testcase@7d446ed1]" started-at="2022-12-22T20:38:30Z" name="t2_delete" finished-at="2022-12-22T20:38:31Z" duration-ms="481" status="PASS">
          <reporter-output>
          </reporter-output>
        </test-method> <!-- t2_delete -->
      </class> <!-- test.testcase -->
    </test> <!-- Default test -->
  </suite> <!-- Default suite -->
</testng-results>
